<?xml version="1.0" encoding="UTF-8"?>
<testng-results ignored="0" total="2" passed="2" failed="0" skipped="0">
  <reporter-output>
  </reporter-output>
  <suite started-at="2022-12-30T12:25:48 IST" name="Default suite" finished-at="2022-12-30T12:26:25 IST" duration-ms="37590">
    <groups>
    </groups>
    <test started-at="2022-12-30T12:25:48 IST" name="Default test" finished-at="2022-12-30T12:26:25 IST" duration-ms="37590">
      <class name="com.qa.testcases.FightsPageTest">
        <test-method is-config="true" signature="setUp()[pri:0, instance:com.qa.testcases.FightsPageTest@37afeb11]" started-at="2022-12-30T12:25:48 IST" name="setUp" finished-at="2022-12-30T12:25:59 IST" duration-ms="11041" status="PASS">
          <reporter-output>
          </reporter-output>
        </test-method> <!-- setUp -->
        <test-method signature="flightTest(java.lang.String,java.lang.String,java.lang.String,java.lang.String,java.lang.String,java.lang.String,java.lang.String,java.lang.String)[pri:1, instance:com.qa.testcases.FightsPageTest@37afeb11]" started-at="2022-12-30T12:26:00 IST" name="flightTest" data-provider="getTestData" finished-at="2022-12-30T12:26:17 IST" duration-ms="16668" status="PASS">
          <params>
            <param index="0">
              <value>
                <![CDATA[2]]>
              </value>
            </param>
            <param index="1">
              <value>
                <![CDATA[London]]>
              </value>
            </param>
            <param index="2">
              <value>
                <![CDATA[March]]>
              </value>
            </param>
            <param index="3">
              <value>
                <![CDATA[15]]>
              </value>
            </param>
            <param index="4">
              <value>
                <![CDATA[New York]]>
              </value>
            </param>
            <param index="5">
              <value>
                <![CDATA[July]]>
              </value>
            </param>
            <param index="6">
              <value>
                <![CDATA[13]]>
              </value>
            </param>
            <param index="7">
              <value>
                <![CDATA[Unified Airlines]]>
              </value>
            </param>
          </params>
          <reporter-output>
          </reporter-output>
        </test-method> <!-- flightTest -->
        <test-method signature="filghtPageText()[pri:2, instance:com.qa.testcases.FightsPageTest@37afeb11]" started-at="2022-12-30T12:26:17 IST" name="filghtPageText" finished-at="2022-12-30T12:26:25 IST" duration-ms="8032" status="PASS">
          <reporter-output>
          </reporter-output>
        </test-method> <!-- filghtPageText -->
        <test-method is-config="true" signature="close()[pri:0, instance:com.qa.testcases.FightsPageTest@37afeb11]" started-at="2022-12-30T12:26:25 IST" name="close" finished-at="2022-12-30T12:26:25 IST" duration-ms="267" status="PASS">
          <reporter-output>
          </reporter-output>
        </test-method> <!-- close -->
      </class> <!-- com.qa.testcases.FightsPageTest -->
    </test> <!-- Default test -->
  </suite> <!-- Default suite -->
</testng-results>
