<?xml version="1.0" encoding="UTF-8"?>
<testng-results ignored="0" total="2" passed="2" failed="0" skipped="0">
  <reporter-output>
  </reporter-output>
  <suite started-at="2022-12-02T23:47:25 IST" name="Default suite" finished-at="2022-12-02T23:47:54 IST" duration-ms="28341">
    <groups>
    </groups>
    <test started-at="2022-12-02T23:47:25 IST" name="Default test" finished-at="2022-12-02T23:47:54 IST" duration-ms="28341">
      <class name="com.qa.hrm.OrangeHRM">
        <test-method is-config="true" signature="setUp()[pri:0, instance:com.qa.hrm.OrangeHRM@4d5d943d]" started-at="2022-12-02T23:47:25 IST" name="setUp" finished-at="2022-12-02T23:47:44 IST" duration-ms="18515" status="PASS">
          <reporter-output>
          </reporter-output>
        </test-method> <!-- setUp -->
        <test-method signature="Operation()[pri:1, instance:com.qa.hrm.OrangeHRM@4d5d943d]" started-at="2022-12-02T23:47:44 IST" name="Operation" finished-at="2022-12-02T23:47:53 IST" duration-ms="9534" status="PASS">
          <reporter-output>
          </reporter-output>
        </test-method> <!-- Operation -->
        <test-method signature="verifyLoginPage()[pri:2, instance:com.qa.hrm.OrangeHRM@4d5d943d]" started-at="2022-12-02T23:47:53 IST" name="verifyLoginPage" finished-at="2022-12-02T23:47:53 IST" duration-ms="24" status="PASS">
          <reporter-output>
          </reporter-output>
        </test-method> <!-- verifyLoginPage -->
        <test-method is-config="true" signature="tearDown()[pri:0, instance:com.qa.hrm.OrangeHRM@4d5d943d]" started-at="2022-12-02T23:47:53 IST" name="tearDown" finished-at="2022-12-02T23:47:54 IST" duration-ms="214" status="PASS">
          <reporter-output>
          </reporter-output>
        </test-method> <!-- tearDown -->
      </class> <!-- com.qa.hrm.OrangeHRM -->
    </test> <!-- Default test -->
  </suite> <!-- Default suite -->
</testng-results>
