<?xml version="1.0" encoding="UTF-8"?>
<!-- Generated by org.testng.reporters.JUnitXMLReporter -->
<testsuite ignored="0" hostname="Pradeep" failures="1" tests="1" name="Default test(failed)" time="0.089" errors="0" timestamp="2022-12-30T15:21:22 IST">
  <testcase classname="keywordDrivenFrameWork.TestCaseScript" name="testData" time="0.02">
    <failure type="java.io.FileNotFoundException" message="C:\Users\samyu\git\SampleDemo\MavenSampleProject\src\test\resources\KeywordDrivenFramework.xlsx (The system cannot find the path specified)">
      <![CDATA[java.io.FileNotFoundException: C:\Users\samyu\git\SampleDemo\MavenSampleProject\src\test\resources\KeywordDrivenFramework.xlsx (The system cannot find the path specified)
at java.base/java.io.FileInputStream.open0(Native Method)
at java.base/java.io.FileInputStream.open(FileInputStream.java:219)
at java.base/java.io.FileInputStream.<init>(FileInputStream.java:158)
at java.base/java.io.FileInputStream.<init>(FileInputStream.java:112)
at keywordDrivenFrameWork.TestCaseScript.testData(TestCaseScript.java:22)
at java.base/java.util.ArrayList.forEach(ArrayList.java:1511)
... Removed 25 stack frames]]>
    </failure>
  </testcase> <!-- testData -->
</testsuite> <!-- Default test(failed) -->
